<?xml version="1.0" encoding="UTF-8"?>
<testsuite name="mx.uacm.reclutaSoft.service.test.impl.UsuarioServiceImplTest" tests="25" skipped="0" failures="0" errors="0" timestamp="2018-06-11T13:09:09" hostname="LAPTOP-5DU0FES0" time="0.252">
  <properties/>
  <testcase name="testContraseniaMax" classname="mx.uacm.reclutaSoft.service.test.impl.UsuarioServiceImplTest" time="0.005"/>
  <testcase name="testContraseniaMin" classname="mx.uacm.reclutaSoft.service.test.impl.UsuarioServiceImplTest" time="0.005"/>
  <testcase name="testNombreLongMax" classname="mx.uacm.reclutaSoft.service.test.impl.UsuarioServiceImplTest" time="0.004"/>
  <testcase name="testNombreLongMin" classname="mx.uacm.reclutaSoft.service.test.impl.UsuarioServiceImplTest" time="0.003"/>
  <testcase name="testApPaternoLongMax" classname="mx.uacm.reclutaSoft.service.test.impl.UsuarioServiceImplTest" time="0.004"/>
  <testcase name="testApPaternoLongMin" classname="mx.uacm.reclutaSoft.service.test.impl.UsuarioServiceImplTest" time="0.004"/>
  <testcase name="testAlta" classname="mx.uacm.reclutaSoft.service.test.impl.UsuarioServiceImplTest" time="0.003"/>
  <testcase name="testReputacionConexion" classname="mx.uacm.reclutaSoft.service.test.impl.UsuarioServiceImplTest" time="0.013"/>
  <testcase name="testApMaternoLongMax" classname="mx.uacm.reclutaSoft.service.test.impl.UsuarioServiceImplTest" time="0.003"/>
  <testcase name="testApMaternoLongMin" classname="mx.uacm.reclutaSoft.service.test.impl.UsuarioServiceImplTest" time="0.003"/>
  <testcase name="testTelefonoLong" classname="mx.uacm.reclutaSoft.service.test.impl.UsuarioServiceImplTest" time="0.003"/>
  <testcase name="testReputacionMax" classname="mx.uacm.reclutaSoft.service.test.impl.UsuarioServiceImplTest" time="0.012"/>
  <testcase name="testReputacionMin" classname="mx.uacm.reclutaSoft.service.test.impl.UsuarioServiceImplTest" time="0.006"/>
  <testcase name="testApPaternoCaracteres" classname="mx.uacm.reclutaSoft.service.test.impl.UsuarioServiceImplTest" time="0.003"/>
  <testcase name="testSetReputacion" classname="mx.uacm.reclutaSoft.service.test.impl.UsuarioServiceImplTest" time="0.067"/>
  <testcase name="testApMaternoCaracteres" classname="mx.uacm.reclutaSoft.service.test.impl.UsuarioServiceImplTest" time="0.008"/>
  <testcase name="testCorreo" classname="mx.uacm.reclutaSoft.service.test.impl.UsuarioServiceImplTest" time="0.007"/>
  <testcase name="testHabilidades" classname="mx.uacm.reclutaSoft.service.test.impl.UsuarioServiceImplTest" time="0.009"/>
  <testcase name="testFindUsuarios" classname="mx.uacm.reclutaSoft.service.test.impl.UsuarioServiceImplTest" time="0.037"/>
  <testcase name="testSitioWeb" classname="mx.uacm.reclutaSoft.service.test.impl.UsuarioServiceImplTest" time="0.005"/>
  <testcase name="testGradoAcademico" classname="mx.uacm.reclutaSoft.service.test.impl.UsuarioServiceImplTest" time="0.005"/>
  <testcase name="testTelefonoNumeros" classname="mx.uacm.reclutaSoft.service.test.impl.UsuarioServiceImplTest" time="0.004"/>
  <testcase name="testNombreCaracteres" classname="mx.uacm.reclutaSoft.service.test.impl.UsuarioServiceImplTest" time="0.004"/>
  <testcase name="testEdadMax" classname="mx.uacm.reclutaSoft.service.test.impl.UsuarioServiceImplTest" time="0.005"/>
  <testcase name="testEdadMin" classname="mx.uacm.reclutaSoft.service.test.impl.UsuarioServiceImplTest" time="0.004"/>
  <system-out><![CDATA[2018-06-11 08:09:09.835  INFO 4956 --- [    Test worker] .b.t.c.SpringBootTestContextBootstrapper : Neither @ContextConfiguration nor @ContextHierarchy found for test class [mx.uacm.reclutaSoft.service.test.impl.UsuarioServiceImplTest], using SpringBootContextLoader
2018-06-11 08:09:09.836  INFO 4956 --- [    Test worker] o.s.t.c.support.AbstractContextLoader    : Could not detect default resource locations for test class [mx.uacm.reclutaSoft.service.test.impl.UsuarioServiceImplTest]: no resource found for suffixes {-context.xml, Context.groovy}.
2018-06-11 08:09:09.844  INFO 4956 --- [    Test worker] .b.t.c.SpringBootTestContextBootstrapper : Loaded default TestExecutionListener class names from location [META-INF/spring.factories]: [org.springframework.boot.test.autoconfigure.restdocs.RestDocsTestExecutionListener, org.springframework.boot.test.autoconfigure.web.client.MockRestServiceServerResetTestExecutionListener, org.springframework.boot.test.autoconfigure.web.servlet.MockMvcPrintOnlyOnFailureTestExecutionListener, org.springframework.boot.test.autoconfigure.web.servlet.WebDriverTestExecutionListener, org.springframework.boot.test.mock.mockito.MockitoTestExecutionListener, org.springframework.boot.test.mock.mockito.ResetMocksTestExecutionListener, org.springframework.test.context.web.ServletTestExecutionListener, org.springframework.test.context.support.DirtiesContextBeforeModesTestExecutionListener, org.springframework.test.context.support.DependencyInjectionTestExecutionListener, org.springframework.test.context.support.DirtiesContextTestExecutionListener, org.springframework.test.context.transaction.TransactionalTestExecutionListener, org.springframework.test.context.jdbc.SqlScriptsTestExecutionListener]
2018-06-11 08:09:09.847  INFO 4956 --- [    Test worker] .b.t.c.SpringBootTestContextBootstrapper : Using TestExecutionListeners: [org.springframework.test.context.web.ServletTestExecutionListener@3932258a, org.springframework.test.context.support.DirtiesContextBeforeModesTestExecutionListener@6283e99f, org.springframework.boot.test.autoconfigure.SpringBootDependencyInjectionTestExecutionListener@19ed94f8, org.springframework.test.context.support.DirtiesContextTestExecutionListener@6a4f2598, org.springframework.test.context.transaction.TransactionalTestExecutionListener@42f9432e, org.springframework.test.context.jdbc.SqlScriptsTestExecutionListener@3fcb85ff, org.springframework.boot.test.autoconfigure.web.servlet.MockMvcPrintOnlyOnFailureTestExecutionListener@4af49caa, org.springframework.boot.test.mock.mockito.ResetMocksTestExecutionListener@59841389, org.springframework.boot.test.autoconfigure.restdocs.RestDocsTestExecutionListener@516ccba4, org.springframework.boot.test.autoconfigure.web.client.MockRestServiceServerResetTestExecutionListener@32eb580b, org.springframework.boot.test.autoconfigure.web.servlet.WebDriverTestExecutionListener@5c148330, org.springframework.boot.test.mock.mockito.MockitoTestExecutionListener@2575db60]
2018-06-11 08:09:09.854 DEBUG 4956 --- [    Test worker] m.u.r.s.t.impl.UsuarioServiceImplTest    : Entrando a testContraseniaMax
2018-06-11 08:09:09.855 DEBUG 4956 --- [    Test worker] m.u.r.service.impl.UsuarioServiceImpl    : Entrando a UsuarioServiceImpl.alta
2018-06-11 08:09:09.861 DEBUG 4956 --- [    Test worker] m.u.r.s.t.impl.UsuarioServiceImplTest    : Entrando a testContraseniaMin
2018-06-11 08:09:09.861 DEBUG 4956 --- [    Test worker] m.u.r.service.impl.UsuarioServiceImpl    : Entrando a UsuarioServiceImpl.alta
2018-06-11 08:09:09.867 DEBUG 4956 --- [    Test worker] m.u.r.s.t.impl.UsuarioServiceImplTest    : Entrando a testNombreLongMax
2018-06-11 08:09:09.867 DEBUG 4956 --- [    Test worker] m.u.r.service.impl.UsuarioServiceImpl    : Entrando a UsuarioServiceImpl.alta
2018-06-11 08:09:09.871 DEBUG 4956 --- [    Test worker] m.u.r.s.t.impl.UsuarioServiceImplTest    : Entrando a testNombreLongMin
2018-06-11 08:09:09.872 DEBUG 4956 --- [    Test worker] m.u.r.service.impl.UsuarioServiceImpl    : Entrando a UsuarioServiceImpl.alta
2018-06-11 08:09:09.876 DEBUG 4956 --- [    Test worker] m.u.r.s.t.impl.UsuarioServiceImplTest    : Entrando a testApPaternoLongMax
2018-06-11 08:09:09.876 DEBUG 4956 --- [    Test worker] m.u.r.service.impl.UsuarioServiceImpl    : Entrando a UsuarioServiceImpl.alta
2018-06-11 08:09:09.880 DEBUG 4956 --- [    Test worker] m.u.r.s.t.impl.UsuarioServiceImplTest    : Entrando a testApPaternoLongMin
2018-06-11 08:09:09.881 DEBUG 4956 --- [    Test worker] m.u.r.service.impl.UsuarioServiceImpl    : Entrando a UsuarioServiceImpl.alta
2018-06-11 08:09:09.885 DEBUG 4956 --- [    Test worker] m.u.r.s.t.impl.UsuarioServiceImplTest    : Entrando a testAlta
2018-06-11 08:09:09.889 DEBUG 4956 --- [    Test worker] m.u.r.s.t.impl.UsuarioServiceImplTest    : Entrando a testReputacionConexion
2018-06-11 08:09:09.889 DEBUG 4956 --- [    Test worker] m.u.r.service.impl.UsuarioServiceImpl    : Entrando a setReputacion
2018-06-11 08:09:09.889 DEBUG 4956 --- [    Test worker] m.u.r.service.impl.UsuarioServiceImpl    : arco.madujano@gmail.com
2018-06-11 08:09:09.889 DEBUG 4956 --- [    Test worker] m.u.r.service.impl.UsuarioServiceImpl    : EL update Regreso************************************************************************
Hibernate: UPDATE usuario SET usuario.reputacion = ? where usuario.correo = ?
2018-06-11 08:09:09.900 DEBUG 4956 --- [    Test worker] m.u.r.service.impl.UsuarioServiceImpl    : 0
2018-06-11 08:09:09.904 DEBUG 4956 --- [    Test worker] m.u.r.s.t.impl.UsuarioServiceImplTest    : Entrando a testApMaternoLongMax
2018-06-11 08:09:09.904 DEBUG 4956 --- [    Test worker] m.u.r.service.impl.UsuarioServiceImpl    : Entrando a UsuarioServiceImpl.alta
2018-06-11 08:09:09.907 DEBUG 4956 --- [    Test worker] m.u.r.s.t.impl.UsuarioServiceImplTest    : Entrando a testApMaternoLongMin
2018-06-11 08:09:09.907 DEBUG 4956 --- [    Test worker] m.u.r.service.impl.UsuarioServiceImpl    : Entrando a UsuarioServiceImpl.alta
2018-06-11 08:09:09.911 DEBUG 4956 --- [    Test worker] m.u.r.s.t.impl.UsuarioServiceImplTest    : Entrando a testTelefonoLong
2018-06-11 08:09:09.911 DEBUG 4956 --- [    Test worker] m.u.r.service.impl.UsuarioServiceImpl    : Entrando a UsuarioServiceImpl.alta
2018-06-11 08:09:09.914 DEBUG 4956 --- [    Test worker] m.u.r.s.t.impl.UsuarioServiceImplTest    : Entrando a testReputacionMax
2018-06-11 08:09:09.915 DEBUG 4956 --- [    Test worker] m.u.r.service.impl.UsuarioServiceImpl    : Entrando a findUsuario
Hibernate: select * from Usuario where correo = ?
2018-06-11 08:09:09.924 DEBUG 4956 --- [    Test worker] m.u.r.service.impl.UsuarioServiceImpl    : Entrando a setReputacion
2018-06-11 08:09:09.927 DEBUG 4956 --- [    Test worker] m.u.r.s.t.impl.UsuarioServiceImplTest    : Entrando a testReputacionMin
2018-06-11 08:09:09.927 DEBUG 4956 --- [    Test worker] m.u.r.service.impl.UsuarioServiceImpl    : Entrando a findUsuario
Hibernate: select * from Usuario where correo = ?
2018-06-11 08:09:09.930 DEBUG 4956 --- [    Test worker] m.u.r.service.impl.UsuarioServiceImpl    : Entrando a setReputacion
2018-06-11 08:09:09.934 DEBUG 4956 --- [    Test worker] m.u.r.s.t.impl.UsuarioServiceImplTest    : Entrando a testApPaternoCaracteres
2018-06-11 08:09:09.934 DEBUG 4956 --- [    Test worker] m.u.r.service.impl.UsuarioServiceImpl    : Entrando a UsuarioServiceImpl.alta
2018-06-11 08:09:09.937 DEBUG 4956 --- [    Test worker] m.u.r.s.t.impl.UsuarioServiceImplTest    : Entrando a testSetReputacion
2018-06-11 08:09:09.937 DEBUG 4956 --- [    Test worker] m.u.r.service.impl.UsuarioServiceImpl    : Entrando a findUsuario
Hibernate: select * from Usuario where correo = ?
2018-06-11 08:09:09.939 DEBUG 4956 --- [    Test worker] m.u.r.service.impl.UsuarioServiceImpl    : Entrando a setReputacion
2018-06-11 08:09:09.939 DEBUG 4956 --- [    Test worker] m.u.r.service.impl.UsuarioServiceImpl    : marco.madujano@gmail.com
2018-06-11 08:09:09.939 DEBUG 4956 --- [    Test worker] m.u.r.service.impl.UsuarioServiceImpl    : EL update Regreso************************************************************************
Hibernate: UPDATE usuario SET usuario.reputacion = ? where usuario.correo = ?
2018-06-11 08:09:09.999 DEBUG 4956 --- [    Test worker] m.u.r.service.impl.UsuarioServiceImpl    : 1
2018-06-11 08:09:10.008 DEBUG 4956 --- [    Test worker] m.u.r.s.t.impl.UsuarioServiceImplTest    : Entrando a testApMaternoCaracteres
2018-06-11 08:09:10.009 DEBUG 4956 --- [    Test worker] m.u.r.service.impl.UsuarioServiceImpl    : Entrando a UsuarioServiceImpl.alta
2018-06-11 08:09:10.017 DEBUG 4956 --- [    Test worker] m.u.r.s.t.impl.UsuarioServiceImplTest    : Entrando a testCorreo
2018-06-11 08:09:10.018 DEBUG 4956 --- [    Test worker] m.u.r.service.impl.UsuarioServiceImpl    : Entrando a UsuarioServiceImpl.alta
2018-06-11 08:09:10.028 DEBUG 4956 --- [    Test worker] m.u.r.s.t.impl.UsuarioServiceImplTest    : Entrando a testHabilidades
2018-06-11 08:09:10.028 DEBUG 4956 --- [    Test worker] m.u.r.service.impl.UsuarioServiceImpl    : Entrando a UsuarioServiceImpl.alta
2018-06-11 08:09:10.037 DEBUG 4956 --- [    Test worker] m.u.r.s.t.impl.UsuarioServiceImplTest    : Entrando a testFindUsuarios
2018-06-11 08:09:10.038 DEBUG 4956 --- [    Test worker] m.u.r.service.impl.UsuarioServiceImpl    : Entrando a UsuarioServiceImpl.findUsuarios
Hibernate: select * from pruebas.Usuario
2018-06-11 08:09:10.074 DEBUG 4956 --- [    Test worker] m.u.r.s.t.impl.UsuarioServiceImplTest    : Entrando a testSitioWeb
2018-06-11 08:09:10.074 DEBUG 4956 --- [    Test worker] m.u.r.service.impl.UsuarioServiceImpl    : Entrando a UsuarioServiceImpl.alta
2018-06-11 08:09:10.074 DEBUG 4956 --- [    Test worker] m.u.r.service.impl.UsuarioServiceImpl    : lenguaje = C
2018-06-11 08:09:10.074 DEBUG 4956 --- [    Test worker] m.u.r.service.impl.UsuarioServiceImpl    : idioma = ingles
2018-06-11 08:09:10.080 DEBUG 4956 --- [    Test worker] m.u.r.s.t.impl.UsuarioServiceImplTest    : Entrando a testGradoAcademico
2018-06-11 08:09:10.080 DEBUG 4956 --- [    Test worker] m.u.r.service.impl.UsuarioServiceImpl    : Entrando a UsuarioServiceImpl.alta
2018-06-11 08:09:10.080 DEBUG 4956 --- [    Test worker] m.u.r.service.impl.UsuarioServiceImpl    : lenguaje = C
2018-06-11 08:09:10.080 DEBUG 4956 --- [    Test worker] m.u.r.service.impl.UsuarioServiceImpl    : idioma = ingles
2018-06-11 08:09:10.086 DEBUG 4956 --- [    Test worker] m.u.r.s.t.impl.UsuarioServiceImplTest    : Entrando a testTelefonoMax
2018-06-11 08:09:10.086 DEBUG 4956 --- [    Test worker] m.u.r.service.impl.UsuarioServiceImpl    : Entrando a UsuarioServiceImpl.alta
2018-06-11 08:09:10.091 DEBUG 4956 --- [    Test worker] m.u.r.s.t.impl.UsuarioServiceImplTest    : Entrando a testNombreCaracteres
2018-06-11 08:09:10.091 DEBUG 4956 --- [    Test worker] m.u.r.service.impl.UsuarioServiceImpl    : Entrando a UsuarioServiceImpl.alta
2018-06-11 08:09:10.096 DEBUG 4956 --- [    Test worker] m.u.r.s.t.impl.UsuarioServiceImplTest    : Entrando a testEdadMax
2018-06-11 08:09:10.096 DEBUG 4956 --- [    Test worker] m.u.r.service.impl.UsuarioServiceImpl    : Entrando a UsuarioServiceImpl.alta
2018-06-11 08:09:10.097 DEBUG 4956 --- [    Test worker] m.u.r.service.impl.UsuarioServiceImpl    : lenguaje = C
2018-06-11 08:09:10.097 DEBUG 4956 --- [    Test worker] m.u.r.service.impl.UsuarioServiceImpl    : idioma = ingles
2018-06-11 08:09:10.103 DEBUG 4956 --- [    Test worker] m.u.r.s.t.impl.UsuarioServiceImplTest    : Entrando a testEdadMin
2018-06-11 08:09:10.103 DEBUG 4956 --- [    Test worker] m.u.r.service.impl.UsuarioServiceImpl    : Entrando a UsuarioServiceImpl.alta
2018-06-11 08:09:10.103 DEBUG 4956 --- [    Test worker] m.u.r.service.impl.UsuarioServiceImpl    : lenguaje = C
2018-06-11 08:09:10.103 DEBUG 4956 --- [    Test worker] m.u.r.service.impl.UsuarioServiceImpl    : idioma = ingles
]]></system-out>
  <system-err><![CDATA[]]></system-err>
</testsuite>
