<?xml version="1.0" encoding="UTF-8"?>
<testsuite name="mx.uacm.reclutaSoft.service.test.impl.HabilidadServiceImplTest" tests="7" skipped="0" failures="0" errors="0" timestamp="2018-06-11T13:09:09" hostname="LAPTOP-5DU0FES0" time="0.094">
  <properties/>
  <testcase name="testAlta" classname="mx.uacm.reclutaSoft.service.test.impl.HabilidadServiceImplTest" time="0.066"/>
  <testcase name="testTipoHabilidad" classname="mx.uacm.reclutaSoft.service.test.impl.HabilidadServiceImplTest" time="0.005"/>
  <testcase name="testPuntosMax" classname="mx.uacm.reclutaSoft.service.test.impl.HabilidadServiceImplTest" time="0.004"/>
  <testcase name="testPuntosMin" classname="mx.uacm.reclutaSoft.service.test.impl.HabilidadServiceImplTest" time="0.004"/>
  <testcase name="testNombreMax" classname="mx.uacm.reclutaSoft.service.test.impl.HabilidadServiceImplTest" time="0.004"/>
  <testcase name="testNombreMin" classname="mx.uacm.reclutaSoft.service.test.impl.HabilidadServiceImplTest" time="0.003"/>
  <testcase name="testNombreCaracteres" classname="mx.uacm.reclutaSoft.service.test.impl.HabilidadServiceImplTest" time="0.003"/>
  <system-out><![CDATA[08:09:00.349 [Test worker] DEBUG org.springframework.test.context.junit4.SpringJUnit4ClassRunner - SpringJUnit4ClassRunner constructor called with [class mx.uacm.reclutaSoft.service.test.impl.HabilidadServiceImplTest]
08:09:00.361 [Test worker] DEBUG org.springframework.test.context.BootstrapUtils - Instantiating CacheAwareContextLoaderDelegate from class [org.springframework.test.context.cache.DefaultCacheAwareContextLoaderDelegate]
08:09:00.374 [Test worker] DEBUG org.springframework.test.context.BootstrapUtils - Instantiating BootstrapContext using constructor [public org.springframework.test.context.support.DefaultBootstrapContext(java.lang.Class,org.springframework.test.context.CacheAwareContextLoaderDelegate)]
08:09:00.402 [Test worker] DEBUG org.springframework.test.context.BootstrapUtils - Instantiating TestContextBootstrapper for test class [mx.uacm.reclutaSoft.service.test.impl.HabilidadServiceImplTest] from class [org.springframework.boot.test.context.SpringBootTestContextBootstrapper]
08:09:00.423 [Test worker] INFO org.springframework.boot.test.context.SpringBootTestContextBootstrapper - Neither @ContextConfiguration nor @ContextHierarchy found for test class [mx.uacm.reclutaSoft.service.test.impl.HabilidadServiceImplTest], using SpringBootContextLoader
08:09:00.431 [Test worker] DEBUG org.springframework.test.context.support.AbstractContextLoader - Did not detect default resource location for test class [mx.uacm.reclutaSoft.service.test.impl.HabilidadServiceImplTest]: class path resource [mx/uacm/reclutaSoft/service/test/impl/HabilidadServiceImplTest-context.xml] does not exist
08:09:00.432 [Test worker] DEBUG org.springframework.test.context.support.AbstractContextLoader - Did not detect default resource location for test class [mx.uacm.reclutaSoft.service.test.impl.HabilidadServiceImplTest]: class path resource [mx/uacm/reclutaSoft/service/test/impl/HabilidadServiceImplTestContext.groovy] does not exist
08:09:00.432 [Test worker] INFO org.springframework.test.context.support.AbstractContextLoader - Could not detect default resource locations for test class [mx.uacm.reclutaSoft.service.test.impl.HabilidadServiceImplTest]: no resource found for suffixes {-context.xml, Context.groovy}.
08:09:00.496 [Test worker] DEBUG org.springframework.test.context.support.ActiveProfilesUtils - Could not find an 'annotation declaring class' for annotation type [org.springframework.test.context.ActiveProfiles] and class [mx.uacm.reclutaSoft.service.test.impl.HabilidadServiceImplTest]
08:09:00.533 [Test worker] DEBUG org.springframework.boot.test.context.SpringBootTestContextBootstrapper - @TestExecutionListeners is not present for class [mx.uacm.reclutaSoft.service.test.impl.HabilidadServiceImplTest]: using defaults.
08:09:00.539 [Test worker] INFO org.springframework.boot.test.context.SpringBootTestContextBootstrapper - Loaded default TestExecutionListener class names from location [META-INF/spring.factories]: [org.springframework.boot.test.autoconfigure.restdocs.RestDocsTestExecutionListener, org.springframework.boot.test.autoconfigure.web.client.MockRestServiceServerResetTestExecutionListener, org.springframework.boot.test.autoconfigure.web.servlet.MockMvcPrintOnlyOnFailureTestExecutionListener, org.springframework.boot.test.autoconfigure.web.servlet.WebDriverTestExecutionListener, org.springframework.boot.test.mock.mockito.MockitoTestExecutionListener, org.springframework.boot.test.mock.mockito.ResetMocksTestExecutionListener, org.springframework.test.context.web.ServletTestExecutionListener, org.springframework.test.context.support.DirtiesContextBeforeModesTestExecutionListener, org.springframework.test.context.support.DependencyInjectionTestExecutionListener, org.springframework.test.context.support.DirtiesContextTestExecutionListener, org.springframework.test.context.transaction.TransactionalTestExecutionListener, org.springframework.test.context.jdbc.SqlScriptsTestExecutionListener]
08:09:00.578 [Test worker] INFO org.springframework.boot.test.context.SpringBootTestContextBootstrapper - Using TestExecutionListeners: [org.springframework.test.context.web.ServletTestExecutionListener@3cca03b2, org.springframework.test.context.support.DirtiesContextBeforeModesTestExecutionListener@4f47b8fe, org.springframework.boot.test.autoconfigure.SpringBootDependencyInjectionTestExecutionListener@7da3e6f2, org.springframework.test.context.support.DirtiesContextTestExecutionListener@4fbe834c, org.springframework.test.context.transaction.TransactionalTestExecutionListener@2385de9a, org.springframework.test.context.jdbc.SqlScriptsTestExecutionListener@5177125c, org.springframework.boot.test.autoconfigure.web.servlet.MockMvcPrintOnlyOnFailureTestExecutionListener@3301faf6, org.springframework.boot.test.mock.mockito.ResetMocksTestExecutionListener@89eab39, org.springframework.boot.test.autoconfigure.restdocs.RestDocsTestExecutionListener@5e2c5be, org.springframework.boot.test.autoconfigure.web.client.MockRestServiceServerResetTestExecutionListener@6ceec2ac, org.springframework.boot.test.autoconfigure.web.servlet.WebDriverTestExecutionListener@5084538d, org.springframework.boot.test.mock.mockito.MockitoTestExecutionListener@2d3eedc7]
08:09:00.582 [Test worker] DEBUG org.springframework.test.annotation.ProfileValueUtils - Retrieved @ProfileValueSourceConfiguration [null] for test class [mx.uacm.reclutaSoft.service.test.impl.HabilidadServiceImplTest]
08:09:00.583 [Test worker] DEBUG org.springframework.test.annotation.ProfileValueUtils - Retrieved ProfileValueSource type [class org.springframework.test.annotation.SystemProfileValueSource] for class [mx.uacm.reclutaSoft.service.test.impl.HabilidadServiceImplTest]
08:09:00.584 [Test worker] DEBUG org.springframework.test.annotation.ProfileValueUtils - Retrieved @ProfileValueSourceConfiguration [null] for test class [mx.uacm.reclutaSoft.service.test.impl.HabilidadServiceImplTest]
08:09:00.585 [Test worker] DEBUG org.springframework.test.annotation.ProfileValueUtils - Retrieved ProfileValueSource type [class org.springframework.test.annotation.SystemProfileValueSource] for class [mx.uacm.reclutaSoft.service.test.impl.HabilidadServiceImplTest]
08:09:00.594 [Test worker] DEBUG org.springframework.test.context.support.AbstractDirtiesContextTestExecutionListener - Before test class: context [DefaultTestContext@36ebc7c0 testClass = HabilidadServiceImplTest, testInstance = [null], testMethod = [null], testException = [null], mergedContextConfiguration = [WebMergedContextConfiguration@3934db81 testClass = HabilidadServiceImplTest, locations = '{}', classes = '{class mx.uacm.reclutaSoft.Application, class mx.uacm.reclutaSoft.Application}', contextInitializerClasses = '[]', activeProfiles = '{}', propertySourceLocations = '{}', propertySourceProperties = '{org.springframework.boot.test.context.SpringBootTestContextBootstrapper=true}', contextCustomizers = set[org.springframework.boot.test.autoconfigure.properties.PropertyMappingContextCustomizer@0, org.springframework.boot.test.autoconfigure.web.servlet.WebDriverContextCustomizerFactory$Customizer@201742fd, org.springframework.boot.test.context.SpringBootTestContextCustomizer@49c6a27c, org.springframework.boot.test.context.filter.ExcludeFilterContextCustomizer@b909d7a, org.springframework.boot.test.mock.mockito.MockitoContextCustomizer@0], resourceBasePath = 'src/main/webapp', contextLoader = 'org.springframework.boot.test.context.SpringBootContextLoader', parent = [null]]], class annotated with @DirtiesContext [false] with mode [null].
08:09:00.595 [Test worker] DEBUG org.springframework.test.annotation.ProfileValueUtils - Retrieved @ProfileValueSourceConfiguration [null] for test class [mx.uacm.reclutaSoft.service.test.impl.HabilidadServiceImplTest]
08:09:00.595 [Test worker] DEBUG org.springframework.test.annotation.ProfileValueUtils - Retrieved ProfileValueSource type [class org.springframework.test.annotation.SystemProfileValueSource] for class [mx.uacm.reclutaSoft.service.test.impl.HabilidadServiceImplTest]
08:09:00.730 [Test worker] DEBUG org.springframework.core.env.StandardEnvironment - Adding [systemProperties] PropertySource with lowest search precedence
08:09:00.732 [Test worker] DEBUG org.springframework.core.env.StandardEnvironment - Adding [systemEnvironment] PropertySource with lowest search precedence
08:09:00.732 [Test worker] DEBUG org.springframework.core.env.StandardEnvironment - Initialized StandardEnvironment with PropertySources [systemProperties,systemEnvironment]
08:09:00.735 [Test worker] DEBUG org.springframework.core.env.MutablePropertySources - Adding [inline] PropertySource with highest search precedence
08:09:00.747 [Test worker] DEBUG org.springframework.test.context.support.TestPropertySourceUtils - Adding inlined properties to environment: {spring.jmx.enabled=false, org.springframework.boot.test.context.SpringBootTestContextBootstrapper=true, server.port=-1}
08:09:00.748 [Test worker] DEBUG org.springframework.core.env.StandardEnvironment - Adding [Inlined Test Properties] PropertySource with highest search precedence

  .   ____          _            __ _ _
 /\\ / ___'_ __ _ _(_)_ __  __ _ \ \ \ \
( ( )\___ | '_ | '_| | '_ \/ _` | \ \ \ \
 \\/  ___)| |_)| | | | | || (_| |  ) ) ) )
  '  |____| .__|_| |_|_| |_\__, | / / / /
 =========|_|==============|___/=/_/_/_/
 :: Spring Boot ::        (v1.5.2.RELEASE)

2018-06-11 08:09:01.234  INFO 4956 --- [    Test worker] m.u.r.s.t.impl.HabilidadServiceImplTest  : Starting HabilidadServiceImplTest on LAPTOP-5DU0FES0 with PID 4956 (started by marco in C:\Users\marco\Documents\gitPruebas\ProyectoReclutaSoft)
2018-06-11 08:09:01.235 DEBUG 4956 --- [    Test worker] m.u.r.s.t.impl.HabilidadServiceImplTest  : Running with Spring Boot v1.5.2.RELEASE, Spring v4.3.7.RELEASE
2018-06-11 08:09:01.236  INFO 4956 --- [    Test worker] m.u.r.s.t.impl.HabilidadServiceImplTest  : No active profile set, falling back to default profiles: default
2018-06-11 08:09:01.314  INFO 4956 --- [    Test worker] o.s.w.c.s.GenericWebApplicationContext   : Refreshing org.springframework.web.context.support.GenericWebApplicationContext@38e76c32: startup date [Mon Jun 11 08:09:01 CDT 2018]; root of context hierarchy
2018-06-11 08:09:03.270  INFO 4956 --- [    Test worker] trationDelegate$BeanPostProcessorChecker : Bean 'org.springframework.transaction.annotation.ProxyTransactionManagementConfiguration' of type [org.springframework.transaction.annotation.ProxyTransactionManagementConfiguration$$EnhancerBySpringCGLIB$$4c0dd5fd] is not eligible for getting processed by all BeanPostProcessors (for example: not eligible for auto-proxying)
2018-06-11 08:09:03.799  INFO 4956 --- [    Test worker] j.LocalContainerEntityManagerFactoryBean : Building JPA container EntityManagerFactory for persistence unit 'default'
2018-06-11 08:09:03.827  INFO 4956 --- [    Test worker] o.hibernate.jpa.internal.util.LogHelper  : HHH000204: Processing PersistenceUnitInfo [
	name: default
	...]
2018-06-11 08:09:03.965  INFO 4956 --- [    Test worker] org.hibernate.Version                    : HHH000412: Hibernate Core {5.0.12.Final}
2018-06-11 08:09:03.969  INFO 4956 --- [    Test worker] org.hibernate.cfg.Environment            : HHH000206: hibernate.properties not found
2018-06-11 08:09:03.971  INFO 4956 --- [    Test worker] org.hibernate.cfg.Environment            : HHH000021: Bytecode provider name : javassist
2018-06-11 08:09:04.130  INFO 4956 --- [    Test worker] o.hibernate.annotations.common.Version   : HCANN000001: Hibernate Commons Annotations {5.0.1.Final}
2018-06-11 08:09:04.710  INFO 4956 --- [    Test worker] org.hibernate.dialect.Dialect            : HHH000400: Using dialect: org.hibernate.dialect.MySQLDialect
2018-06-11 08:09:05.534  INFO 4956 --- [    Test worker] org.hibernate.tool.hbm2ddl.SchemaUpdate  : HHH000228: Running hbm2ddl schema update
2018-06-11 08:09:07.423  INFO 4956 --- [    Test worker] j.LocalContainerEntityManagerFactoryBean : Initialized JPA EntityManagerFactory for persistence unit 'default'
2018-06-11 08:09:08.392  INFO 4956 --- [    Test worker] s.w.s.m.m.a.RequestMappingHandlerAdapter : Looking for @ControllerAdvice: org.springframework.web.context.support.GenericWebApplicationContext@38e76c32: startup date [Mon Jun 11 08:09:01 CDT 2018]; root of context hierarchy
2018-06-11 08:09:08.517  INFO 4956 --- [    Test worker] s.w.s.m.m.a.RequestMappingHandlerMapping : Mapped "{[/registrarProyecto/registrarProject],methods=[POST],produces=[application/json]}" onto public java.util.Map<java.lang.String, java.lang.String> mx.uacm.reclutaSoft.controller.proyectoController.registrarProyecto(java.util.Map<?, ?>)
2018-06-11 08:09:08.521  INFO 4956 --- [    Test worker] s.w.s.m.m.a.RequestMappingHandlerMapping : Mapped "{[/usuarioController/login],methods=[POST]}" onto public org.springframework.web.servlet.ModelAndView mx.uacm.reclutaSoft.controller.UsuarioController.login(java.util.Map<java.lang.String, java.lang.Object>,mx.uacm.reclutaSoft.domain.Usuario)
2018-06-11 08:09:08.521  INFO 4956 --- [    Test worker] s.w.s.m.m.a.RequestMappingHandlerMapping : Mapped "{[/usuarioController/registrarUsuario],methods=[POST]}" onto public java.lang.String mx.uacm.reclutaSoft.controller.UsuarioController.registrarUsuario(java.util.Map<java.lang.String, java.lang.Object>,mx.uacm.reclutaSoft.domain.Usuario,java.util.List<java.lang.String>,java.util.List<java.lang.String>)
2018-06-11 08:09:08.523  INFO 4956 --- [    Test worker] s.w.s.m.m.a.RequestMappingHandlerMapping : Mapped "{[/error]}" onto public org.springframework.http.ResponseEntity<java.util.Map<java.lang.String, java.lang.Object>> org.springframework.boot.autoconfigure.web.BasicErrorController.error(javax.servlet.http.HttpServletRequest)
2018-06-11 08:09:08.523  INFO 4956 --- [    Test worker] s.w.s.m.m.a.RequestMappingHandlerMapping : Mapped "{[/error],produces=[text/html]}" onto public org.springframework.web.servlet.ModelAndView org.springframework.boot.autoconfigure.web.BasicErrorController.errorHtml(javax.servlet.http.HttpServletRequest,javax.servlet.http.HttpServletResponse)
2018-06-11 08:09:08.547  INFO 4956 --- [    Test worker] o.s.w.s.handler.SimpleUrlHandlerMapping  : Root mapping to handler of type [class org.springframework.web.servlet.mvc.ParameterizableViewController]
2018-06-11 08:09:08.548  INFO 4956 --- [    Test worker] o.s.w.s.handler.SimpleUrlHandlerMapping  : Mapped URL path [/peticion] onto handler of type [class org.springframework.web.servlet.mvc.ParameterizableViewController]
2018-06-11 08:09:08.548  INFO 4956 --- [    Test worker] o.s.w.s.handler.SimpleUrlHandlerMapping  : Mapped URL path [/registro] onto handler of type [class org.springframework.web.servlet.mvc.ParameterizableViewController]
2018-06-11 08:09:08.548  INFO 4956 --- [    Test worker] o.s.w.s.handler.SimpleUrlHandlerMapping  : Mapped URL path [/pruebasMarco] onto handler of type [class org.springframework.web.servlet.mvc.ParameterizableViewController]
2018-06-11 08:09:08.548  INFO 4956 --- [    Test worker] o.s.w.s.handler.SimpleUrlHandlerMapping  : Mapped URL path [/registrarProyecto] onto handler of type [class org.springframework.web.servlet.mvc.ParameterizableViewController]
2018-06-11 08:09:08.548  INFO 4956 --- [    Test worker] o.s.w.s.handler.SimpleUrlHandlerMapping  : Mapped URL path [/pruebasJavier] onto handler of type [class org.springframework.web.servlet.mvc.ParameterizableViewController]
2018-06-11 08:09:08.548  INFO 4956 --- [    Test worker] o.s.w.s.handler.SimpleUrlHandlerMapping  : Mapped URL path [/registraProyectoCandidatos] onto handler of type [class org.springframework.web.servlet.mvc.ParameterizableViewController]
2018-06-11 08:09:08.548  INFO 4956 --- [    Test worker] o.s.w.s.handler.SimpleUrlHandlerMapping  : Mapped URL path [/action] onto handler of type [class org.springframework.web.servlet.mvc.ParameterizableViewController]
2018-06-11 08:09:08.548  INFO 4956 --- [    Test worker] o.s.w.s.handler.SimpleUrlHandlerMapping  : Mapped URL path [/perfil] onto handler of type [class org.springframework.web.servlet.mvc.ParameterizableViewController]
2018-06-11 08:09:08.549  INFO 4956 --- [    Test worker] o.s.w.s.handler.SimpleUrlHandlerMapping  : Mapped URL path [/error] onto handler of type [class org.springframework.web.servlet.mvc.ParameterizableViewController]
2018-06-11 08:09:08.567  INFO 4956 --- [    Test worker] o.s.w.s.handler.SimpleUrlHandlerMapping  : Mapped URL path [/webjars/**] onto handler of type [class org.springframework.web.servlet.resource.ResourceHttpRequestHandler]
2018-06-11 08:09:08.568  INFO 4956 --- [    Test worker] o.s.w.s.handler.SimpleUrlHandlerMapping  : Mapped URL path [/**] onto handler of type [class org.springframework.web.servlet.resource.ResourceHttpRequestHandler]
2018-06-11 08:09:08.635  INFO 4956 --- [    Test worker] o.s.w.s.handler.SimpleUrlHandlerMapping  : Mapped URL path [/**/favicon.ico] onto handler of type [class org.springframework.web.servlet.resource.ResourceHttpRequestHandler]
2018-06-11 08:09:09.109  INFO 4956 --- [    Test worker] m.u.r.s.t.impl.HabilidadServiceImplTest  : Started HabilidadServiceImplTest in 8.34 seconds (JVM running for 9.898)
2018-06-11 08:09:09.190 DEBUG 4956 --- [    Test worker] m.u.r.s.t.impl.HabilidadServiceImplTest  : Entrando a testAlta
2018-06-11 08:09:09.190 DEBUG 4956 --- [    Test worker] m.u.r.service.impl.HabilidadServiceImpl  : Entrando a alta
2018-06-11 08:09:09.205 DEBUG 4956 --- [    Test worker] m.u.r.s.t.impl.HabilidadServiceImplTest  : Entrando a testTipoHabilidad
2018-06-11 08:09:09.205 DEBUG 4956 --- [    Test worker] m.u.r.service.impl.HabilidadServiceImpl  : Entrando a alta
2018-06-11 08:09:09.210 DEBUG 4956 --- [    Test worker] m.u.r.s.t.impl.HabilidadServiceImplTest  : Entrando a testPuntosMax
2018-06-11 08:09:09.211 DEBUG 4956 --- [    Test worker] m.u.r.service.impl.HabilidadServiceImpl  : Entrando a alta
2018-06-11 08:09:09.215 DEBUG 4956 --- [    Test worker] m.u.r.s.t.impl.HabilidadServiceImplTest  : Entrando a testPuntosMin
2018-06-11 08:09:09.215 DEBUG 4956 --- [    Test worker] m.u.r.service.impl.HabilidadServiceImpl  : Entrando a alta
2018-06-11 08:09:09.220 DEBUG 4956 --- [    Test worker] m.u.r.s.t.impl.HabilidadServiceImplTest  : Entrando a testNombreMax
2018-06-11 08:09:09.221 DEBUG 4956 --- [    Test worker] m.u.r.service.impl.HabilidadServiceImpl  : Entrando a alta
2018-06-11 08:09:09.225 DEBUG 4956 --- [    Test worker] m.u.r.s.t.impl.HabilidadServiceImplTest  : Entrando a testNombreMin
2018-06-11 08:09:09.225 DEBUG 4956 --- [    Test worker] m.u.r.service.impl.HabilidadServiceImpl  : Entrando a alta
2018-06-11 08:09:09.229 DEBUG 4956 --- [    Test worker] m.u.r.s.t.impl.HabilidadServiceImplTest  : Entrando a testNombreCaracteres
2018-06-11 08:09:09.229 DEBUG 4956 --- [    Test worker] m.u.r.service.impl.HabilidadServiceImpl  : Entrando a alta
]]></system-out>
  <system-err><![CDATA[]]></system-err>
</testsuite>
