<?xml version="1.0" encoding="UTF-8"?>
<testsuite name="mx.uacm.reclutaSoft.service.test.impl.ProyectoServiceImplTest" tests="6" skipped="0" failures="0" errors="0" timestamp="2018-06-11T13:09:09" hostname="LAPTOP-5DU0FES0" time="0.58">
  <properties/>
  <testcase name="testRoles" classname="mx.uacm.reclutaSoft.service.test.impl.ProyectoServiceImplTest" time="0.102"/>
  <testcase name="testAlta" classname="mx.uacm.reclutaSoft.service.test.impl.ProyectoServiceImplTest" time="0.383"/>
  <testcase name="testNombreMax" classname="mx.uacm.reclutaSoft.service.test.impl.ProyectoServiceImplTest" time="0.037"/>
  <testcase name="testNombreMin" classname="mx.uacm.reclutaSoft.service.test.impl.ProyectoServiceImplTest" time="0.026"/>
  <testcase name="testDescripcionMax" classname="mx.uacm.reclutaSoft.service.test.impl.ProyectoServiceImplTest" time="0.013"/>
  <testcase name="testDescripcionMin" classname="mx.uacm.reclutaSoft.service.test.impl.ProyectoServiceImplTest" time="0.013"/>
  <system-out><![CDATA[2018-06-11 08:09:09.233  INFO 4956 --- [    Test worker] .b.t.c.SpringBootTestContextBootstrapper : Neither @ContextConfiguration nor @ContextHierarchy found for test class [mx.uacm.reclutaSoft.service.test.impl.ProyectoServiceImplTest], using SpringBootContextLoader
2018-06-11 08:09:09.234  INFO 4956 --- [    Test worker] o.s.t.c.support.AbstractContextLoader    : Could not detect default resource locations for test class [mx.uacm.reclutaSoft.service.test.impl.ProyectoServiceImplTest]: no resource found for suffixes {-context.xml, Context.groovy}.
2018-06-11 08:09:09.243  INFO 4956 --- [    Test worker] .b.t.c.SpringBootTestContextBootstrapper : Loaded default TestExecutionListener class names from location [META-INF/spring.factories]: [org.springframework.boot.test.autoconfigure.restdocs.RestDocsTestExecutionListener, org.springframework.boot.test.autoconfigure.web.client.MockRestServiceServerResetTestExecutionListener, org.springframework.boot.test.autoconfigure.web.servlet.MockMvcPrintOnlyOnFailureTestExecutionListener, org.springframework.boot.test.autoconfigure.web.servlet.WebDriverTestExecutionListener, org.springframework.boot.test.mock.mockito.MockitoTestExecutionListener, org.springframework.boot.test.mock.mockito.ResetMocksTestExecutionListener, org.springframework.test.context.web.ServletTestExecutionListener, org.springframework.test.context.support.DirtiesContextBeforeModesTestExecutionListener, org.springframework.test.context.support.DependencyInjectionTestExecutionListener, org.springframework.test.context.support.DirtiesContextTestExecutionListener, org.springframework.test.context.transaction.TransactionalTestExecutionListener, org.springframework.test.context.jdbc.SqlScriptsTestExecutionListener]
2018-06-11 08:09:09.246  INFO 4956 --- [    Test worker] .b.t.c.SpringBootTestContextBootstrapper : Using TestExecutionListeners: [org.springframework.test.context.web.ServletTestExecutionListener@32a3b90f, org.springframework.test.context.support.DirtiesContextBeforeModesTestExecutionListener@561f166b, org.springframework.boot.test.autoconfigure.SpringBootDependencyInjectionTestExecutionListener@f869e83, org.springframework.test.context.support.DirtiesContextTestExecutionListener@6bbbb159, org.springframework.test.context.transaction.TransactionalTestExecutionListener@447f06e0, org.springframework.test.context.jdbc.SqlScriptsTestExecutionListener@6afdec4a, org.springframework.boot.test.autoconfigure.web.servlet.MockMvcPrintOnlyOnFailureTestExecutionListener@51341510, org.springframework.boot.test.mock.mockito.ResetMocksTestExecutionListener@67334716, org.springframework.boot.test.autoconfigure.restdocs.RestDocsTestExecutionListener@5bc71516, org.springframework.boot.test.autoconfigure.web.client.MockRestServiceServerResetTestExecutionListener@5edd3d98, org.springframework.boot.test.autoconfigure.web.servlet.WebDriverTestExecutionListener@2f302fc6, org.springframework.boot.test.mock.mockito.MockitoTestExecutionListener@5246c6c1]
2018-06-11 08:09:09.252 DEBUG 4956 --- [    Test worker] m.u.r.s.t.impl.ProyectoServiceImplTest   : Entrando a testRoles
2018-06-11 08:09:09.252 DEBUG 4956 --- [    Test worker] m.u.r.service.impl.ProyectoServiceImpl   : Entrando a ProyectoServiceImpl.alta
Hibernate: select * from Usuario where correo = ?
Hibernate: select * from Usuario where correo = ?
Hibernate: select * from Usuario where correo = ?
Hibernate: select * from Usuario where correo = ?
Hibernate: select * from Usuario where correo = ?
Hibernate: select * from Usuario where correo = ?
2018-06-11 08:09:09.350 DEBUG 4956 --- [    Test worker] m.u.r.service.impl.ProyectoServiceImpl   : null
2018-06-11 08:09:09.350 DEBUG 4956 --- [    Test worker] m.u.r.service.impl.ProyectoServiceImpl   : null
2018-06-11 08:09:09.350 DEBUG 4956 --- [    Test worker] m.u.r.service.impl.ProyectoServiceImpl   : null
2018-06-11 08:09:09.350 DEBUG 4956 --- [    Test worker] m.u.r.service.impl.ProyectoServiceImpl   : null
2018-06-11 08:09:09.350 DEBUG 4956 --- [    Test worker] m.u.r.service.impl.ProyectoServiceImpl   : null
2018-06-11 08:09:09.355 DEBUG 4956 --- [    Test worker] m.u.r.s.t.impl.ProyectoServiceImplTest   : Entrando a testAlta
2018-06-11 08:09:09.356 DEBUG 4956 --- [    Test worker] m.u.r.service.impl.ProyectoServiceImpl   : Entrando a ProyectoServiceImpl.alta
Hibernate: select * from Usuario where correo = ?
Hibernate: select * from Usuario where correo = ?
Hibernate: select * from Usuario where correo = ?
Hibernate: select * from Usuario where correo = ?
Hibernate: select * from Usuario where correo = ?
Hibernate: select * from Usuario where correo = ?
2018-06-11 08:09:09.366 DEBUG 4956 --- [    Test worker] m.u.r.service.impl.ProyectoServiceImpl   : null
2018-06-11 08:09:09.366 DEBUG 4956 --- [    Test worker] m.u.r.service.impl.ProyectoServiceImpl   : null
2018-06-11 08:09:09.366 DEBUG 4956 --- [    Test worker] m.u.r.service.impl.ProyectoServiceImpl   : null
2018-06-11 08:09:09.366 DEBUG 4956 --- [    Test worker] m.u.r.service.impl.ProyectoServiceImpl   : null
2018-06-11 08:09:09.367 DEBUG 4956 --- [    Test worker] m.u.r.service.impl.ProyectoServiceImpl   : null
Hibernate: insert into proyecto (descripcion, nombre, usuario_id) values (?, ?, ?)
Hibernate: insert into rol (nombre, proyecto_id, usuario_id) values (?, ?, ?)
Hibernate: insert into rol (nombre, proyecto_id, usuario_id) values (?, ?, ?)
Hibernate: insert into rol (nombre, proyecto_id, usuario_id) values (?, ?, ?)
Hibernate: insert into rol (nombre, proyecto_id, usuario_id) values (?, ?, ?)
Hibernate: insert into rol (nombre, proyecto_id, usuario_id) values (?, ?, ?)
2018-06-11 08:09:09.742 DEBUG 4956 --- [    Test worker] m.u.r.s.t.impl.ProyectoServiceImplTest   : Entrando a testNombreMax
2018-06-11 08:09:09.742 DEBUG 4956 --- [    Test worker] m.u.r.service.impl.ProyectoServiceImpl   : Entrando a ProyectoServiceImpl.alta
Hibernate: select * from Usuario where correo = ?
Hibernate: select * from Usuario where correo = ?
Hibernate: select * from Usuario where correo = ?
Hibernate: select * from Usuario where correo = ?
Hibernate: select * from Usuario where correo = ?
Hibernate: select * from Usuario where correo = ?
2018-06-11 08:09:09.771 DEBUG 4956 --- [    Test worker] m.u.r.service.impl.ProyectoServiceImpl   : null
2018-06-11 08:09:09.772 DEBUG 4956 --- [    Test worker] m.u.r.service.impl.ProyectoServiceImpl   : null
2018-06-11 08:09:09.772 DEBUG 4956 --- [    Test worker] m.u.r.service.impl.ProyectoServiceImpl   : null
2018-06-11 08:09:09.772 DEBUG 4956 --- [    Test worker] m.u.r.service.impl.ProyectoServiceImpl   : null
2018-06-11 08:09:09.772 DEBUG 4956 --- [    Test worker] m.u.r.service.impl.ProyectoServiceImpl   : null
2018-06-11 08:09:09.779 DEBUG 4956 --- [    Test worker] m.u.r.s.t.impl.ProyectoServiceImplTest   : Entrando a testNombreMin
2018-06-11 08:09:09.780 DEBUG 4956 --- [    Test worker] m.u.r.service.impl.ProyectoServiceImpl   : Entrando a ProyectoServiceImpl.alta
Hibernate: select * from Usuario where correo = ?
Hibernate: select * from Usuario where correo = ?
Hibernate: select * from Usuario where correo = ?
Hibernate: select * from Usuario where correo = ?
Hibernate: select * from Usuario where correo = ?
Hibernate: select * from Usuario where correo = ?
2018-06-11 08:09:09.797 DEBUG 4956 --- [    Test worker] m.u.r.service.impl.ProyectoServiceImpl   : null
2018-06-11 08:09:09.798 DEBUG 4956 --- [    Test worker] m.u.r.service.impl.ProyectoServiceImpl   : null
2018-06-11 08:09:09.798 DEBUG 4956 --- [    Test worker] m.u.r.service.impl.ProyectoServiceImpl   : null
2018-06-11 08:09:09.798 DEBUG 4956 --- [    Test worker] m.u.r.service.impl.ProyectoServiceImpl   : null
2018-06-11 08:09:09.798 DEBUG 4956 --- [    Test worker] m.u.r.service.impl.ProyectoServiceImpl   : null
2018-06-11 08:09:09.805 DEBUG 4956 --- [    Test worker] m.u.r.s.t.impl.ProyectoServiceImplTest   : Entrando a testDescripcionMax
2018-06-11 08:09:09.806 DEBUG 4956 --- [    Test worker] m.u.r.service.impl.ProyectoServiceImpl   : Entrando a ProyectoServiceImpl.alta
Hibernate: select * from Usuario where correo = ?
Hibernate: select * from Usuario where correo = ?
Hibernate: select * from Usuario where correo = ?
Hibernate: select * from Usuario where correo = ?
Hibernate: select * from Usuario where correo = ?
Hibernate: select * from Usuario where correo = ?
2018-06-11 08:09:09.815 DEBUG 4956 --- [    Test worker] m.u.r.service.impl.ProyectoServiceImpl   : null
2018-06-11 08:09:09.815 DEBUG 4956 --- [    Test worker] m.u.r.service.impl.ProyectoServiceImpl   : null
2018-06-11 08:09:09.815 DEBUG 4956 --- [    Test worker] m.u.r.service.impl.ProyectoServiceImpl   : null
2018-06-11 08:09:09.815 DEBUG 4956 --- [    Test worker] m.u.r.service.impl.ProyectoServiceImpl   : null
2018-06-11 08:09:09.815 DEBUG 4956 --- [    Test worker] m.u.r.service.impl.ProyectoServiceImpl   : null
2018-06-11 08:09:09.819 DEBUG 4956 --- [    Test worker] m.u.r.s.t.impl.ProyectoServiceImplTest   : Entrando a testDescripcionMin
2018-06-11 08:09:09.819 DEBUG 4956 --- [    Test worker] m.u.r.service.impl.ProyectoServiceImpl   : Entrando a ProyectoServiceImpl.alta
Hibernate: select * from Usuario where correo = ?
Hibernate: select * from Usuario where correo = ?
Hibernate: select * from Usuario where correo = ?
Hibernate: select * from Usuario where correo = ?
Hibernate: select * from Usuario where correo = ?
Hibernate: select * from Usuario where correo = ?
2018-06-11 08:09:09.829 DEBUG 4956 --- [    Test worker] m.u.r.service.impl.ProyectoServiceImpl   : null
2018-06-11 08:09:09.829 DEBUG 4956 --- [    Test worker] m.u.r.service.impl.ProyectoServiceImpl   : null
2018-06-11 08:09:09.829 DEBUG 4956 --- [    Test worker] m.u.r.service.impl.ProyectoServiceImpl   : null
2018-06-11 08:09:09.829 DEBUG 4956 --- [    Test worker] m.u.r.service.impl.ProyectoServiceImpl   : null
2018-06-11 08:09:09.829 DEBUG 4956 --- [    Test worker] m.u.r.service.impl.ProyectoServiceImpl   : null
]]></system-out>
  <system-err><![CDATA[]]></system-err>
</testsuite>
